[0614/181250.908:ERROR:process_reader_win.cc(188)] ResumeThread: The parameter is incorrect. (0x57)
[0614/181250.911:ERROR:process_reader_win.cc(151)] SuspendThread: Access is denied. (0x5)
[0614/181250.912:ERROR:process_reader_win.cc(151)] SuspendThread: Access is denied. (0x5)
[0614/181250.912:ERROR:process_reader_win.cc(151)] SuspendThread: Access is denied. (0x5)
[0614/181250.912:ERROR:process_reader_win.cc(151)] SuspendThread: Access is denied. (0x5)
[0614/181250.912:ERROR:process_reader_win.cc(123)] NtOpenThread: An invalid Client ID was specified. (0xc000000b)
[0614/181250.960:ERROR:process_reader_win.cc(151)] SuspendThread: Access is denied. (0x5)
[0614/181250.960:ERROR:process_reader_win.cc(151)] SuspendThread: Access is denied. (0x5)
[0614/181250.960:ERROR:process_reader_win.cc(151)] SuspendThread: Access is denied. (0x5)
[0614/181250.960:ERROR:process_reader_win.cc(151)] SuspendThread: Access is denied. (0x5)
[0614/181250.961:ERROR:process_reader_win.cc(151)] SuspendThread: Access is denied. (0x5)
[0614/181250.961:ERROR:process_reader_win.cc(151)] SuspendThread: Access is denied. (0x5)
[0614/181251.540:ERROR:process_memory_win.cc(73)] ReadMemory at 0x80000 of 64 bytes failed: Only part of a ReadProcessMemory or WriteProcessMemory request was completed. (0x12B)
[0614/181251.540:WARNING:pe_image_reader.cc(340)] could not read dos header from C:\Program Files (x86)\Google\Chrome\Application\chrome.exe
[0614/181251.541:ERROR:process_memory_win.cc(73)] ReadMemory at 0x77570000 of 64 bytes failed: Only part of a ReadProcessMemory or WriteProcessMemory request was completed. (0x12B)
[0614/181251.541:WARNING:pe_image_reader.cc(340)] could not read dos header from C:\Windows\SysWOW64\ntdll.dll
[0614/181251.541:ERROR:process_memory_win.cc(73)] ReadMemory at 0x76df0000 of 64 bytes failed: Only part of a ReadProcessMemory or WriteProcessMemory request was completed. (0x12B)
[0614/181251.541:WARNING:pe_image_reader.cc(340)] could not read dos header from C:\Windows\syswow64\kernel32.dll
[0614/181251.542:ERROR:process_memory_win.cc(73)] ReadMemory at 0x76390000 of 64 bytes failed: Only part of a ReadProcessMemory or WriteProcessMemory request was completed. (0x12B)
[0614/181251.542:WARNING:pe_image_reader.cc(340)] could not read dos header from C:\Windows\syswow64\KERNELBASE.dll
[0614/181251.543:ERROR:process_memory_win.cc(73)] ReadMemory at 0x6aa40000 of 64 bytes failed: Only part of a ReadProcessMemory or WriteProcessMemory request was completed. (0x12B)
[0614/181251.543:WARNING:pe_image_reader.cc(340)] could not read dos header from C:\Program Files (x86)\Google\Chrome\Application\83.0.4103.97\chrome_elf.dll
[0614/181251.543:ERROR:process_memory_win.cc(73)] ReadMemory at 0x74850000 of 64 bytes failed: Only part of a ReadProcessMemory or WriteProcessMemory request was completed. (0x12B)
[0614/181251.543:WARNING:pe_image_reader.cc(340)] could not read dos header from C:\Windows\system32\VERSION.dll
[0614/181251.544:ERROR:process_memory_win.cc(73)] ReadMemory at 0x76ce0000 of 64 bytes failed: Only part of a ReadProcessMemory or WriteProcessMemory request was completed. (0x12B)
[0614/181251.544:WARNING:pe_image_reader.cc(340)] could not read dos header from C:\Windows\syswow64\msvcrt.dll
[0614/181251.544:ERROR:process_memory_win.cc(73)] ReadMemory at 0x74930000 of 64 bytes failed: Only part of a ReadProcessMemory or WriteProcessMemory request was completed. (0x12B)
[0614/181251.544:WARNING:pe_image_reader.cc(340)] could not read dos header from C:\Windows\system32\api-ms-win-core-synch-l1-2-0.DLL
[0614/181251.544:ERROR:process_memory_win.cc(73)] ReadMemory at 0x76950000 of 64 bytes failed: Only part of a ReadProcessMemory or WriteProcessMemory request was completed. (0x12B)
[0614/181251.544:WARNING:pe_image_reader.cc(340)] could not read dos header from C:\Windows\syswow64\GDI32.dll
[0614/181251.544:ERROR:process_memory_win.cc(73)] ReadMemory at 0x765f0000 of 64 bytes failed: Only part of a ReadProcessMemory or WriteProcessMemory request was completed. (0x12B)
[0614/181251.544:WARNING:pe_image_reader.cc(340)] could not read dos header from C:\Windows\syswow64\USER32.dll
[0614/181251.545:ERROR:process_memory_win.cc(73)] ReadMemory at 0x767c0000 of 64 bytes failed: Only part of a ReadProcessMemory or WriteProcessMemory request was completed. (0x12B)
[0614/181251.545:WARNING:pe_image_reader.cc(340)] could not read dos header from C:\Windows\syswow64\ADVAPI32.dll
[0614/181251.545:ERROR:process_memory_win.cc(73)] ReadMemory at 0x75cd0000 of 64 bytes failed: Only part of a ReadProcessMemory or WriteProcessMemory request was completed. (0x12B)
[0614/181251.545:WARNING:pe_image_reader.cc(340)] could not read dos header from C:\Windows\SysWOW64\sechost.dll
[0614/181251.545:ERROR:process_memory_win.cc(73)] ReadMemory at 0x76bc0000 of 64 bytes failed: Only part of a ReadProcessMemory or WriteProcessMemory request was completed. (0x12B)
[0614/181251.545:WARNING:pe_image_reader.cc(340)] could not read dos header from C:\Windows\syswow64\RPCRT4.dll
[0614/181251.545:ERROR:process_memory_win.cc(73)] ReadMemory at 0x74e10000 of 64 bytes failed: Only part of a ReadProcessMemory or WriteProcessMemory request was completed. (0x12B)
[0614/181251.545:WARNING:pe_image_reader.cc(340)] could not read dos header from C:\Windows\syswow64\SspiCli.dll
[0614/181251.546:ERROR:process_memory_win.cc(73)] ReadMemory at 0x74e00000 of 64 bytes failed: Only part of a ReadProcessMemory or WriteProcessMemory request was completed. (0x12B)
[0614/181251.546:WARNING:pe_image_reader.cc(340)] could not read dos header from C:\Windows\syswow64\CRYPTBASE.dll
[0614/181251.546:ERROR:process_memory_win.cc(73)] ReadMemory at 0x76cd0000 of 64 bytes failed: Only part of a ReadProcessMemory or WriteProcessMemory request was completed. (0x12B)
[0614/181251.546:WARNING:pe_image_reader.cc(340)] could not read dos header from C:\Windows\syswow64\LPK.dll
[0614/181251.546:ERROR:process_memory_win.cc(73)] ReadMemory at 0x76f00000 of 64 bytes failed: Only part of a ReadProcessMemory or WriteProcessMemory request was completed. (0x12B)
[0614/181251.546:WARNING:pe_image_reader.cc(340)] could not read dos header from C:\Windows\syswow64\USP10.dll
[0614/181251.546:ERROR:process_memory_win.cc(73)] ReadMemory at 0x768a0000 of 64 bytes failed: Only part of a ReadProcessMemory or WriteProcessMemory request was completed. (0x12B)
[0614/181251.546:WARNING:pe_image_reader.cc(340)] could not read dos header from C:\Windows\system32\IMM32.DLL
[0614/181251.547:ERROR:process_memory_win.cc(73)] ReadMemory at 0x766f0000 of 64 bytes failed: Only part of a ReadProcessMemory or WriteProcessMemory request was completed. (0x12B)
[0614/181251.547:WARNING:pe_image_reader.cc(340)] could not read dos header from C:\Windows\syswow64\MSCTF.dll
[0614/181251.547:ERROR:process_memory_win.cc(73)] ReadMemory at 0x6f820000 of 64 bytes failed: Only part of a ReadProcessMemory or WriteProcessMemory request was completed. (0x12B)
[0614/181251.549:WARNING:pe_image_reader.cc(340)] could not read dos header from C:\Windows\system32\WINMM.dll
[0614/181251.550:ERROR:process_memory_win.cc(73)] ReadMemory at 0x63dd0000 of 64 bytes failed: Only part of a ReadProcessMemory or WriteProcessMemory request was completed. (0x12B)
[0614/181251.550:WARNING:pe_image_reader.cc(340)] could not read dos header from C:\Program Files (x86)\Google\Chrome\Application\83.0.4103.97\chrome.dll
[0614/181251.550:ERROR:process_memory_win.cc(73)] ReadMemory at 0x77120000 of 64 bytes failed: Only part of a ReadProcessMemory or WriteProcessMemory request was completed. (0x12B)
[0614/181251.550:WARNING:pe_image_reader.cc(340)] could not read dos header from C:\Windows\syswow64\WS2_32.dll
[0614/181251.550:ERROR:process_memory_win.cc(73)] ReadMemory at 0x76bb0000 of 64 bytes failed: Only part of a ReadProcessMemory or WriteProcessMemory request was completed. (0x12B)
[0614/181251.550:WARNING:pe_image_reader.cc(340)] could not read dos header from C:\Windows\syswow64\NSI.dll
[0614/181251.550:ERROR:process_memory_win.cc(73)] ReadMemory at 0x74390000 of 64 bytes failed: Only part of a ReadProcessMemory or WriteProcessMemory request was completed. (0x12B)
[0614/181251.550:WARNING:pe_image_reader.cc(340)] could not read dos header from C:\Windows\system32\IPHLPAPI.DLL
[0614/181251.551:ERROR:process_memory_win.cc(73)] ReadMemory at 0x74b40000 of 64 bytes failed: Only part of a ReadProcessMemory or WriteProcessMemory request was completed. (0x12B)
[0614/181251.551:WARNING:pe_image_reader.cc(340)] could not read dos header from C:\Windows\system32\WINNSI.DLL
[0614/181251.551:ERROR:process_memory_win.cc(73)] ReadMemory at 0x76520000 of 64 bytes failed: Only part of a ReadProcessMemory or WriteProcessMemory request was completed. (0x12B)
[0614/181251.551:WARNING:pe_image_reader.cc(340)] could not read dos header from C:\Windows\syswow64\OLEAUT32.dll
[0614/181251.551:ERROR:process_memory_win.cc(73)] ReadMemory at 0x74e70000 of 64 bytes failed: Only part of a ReadProcessMemory or WriteProcessMemory request was completed. (0x12B)
[0614/181251.551:WARNING:pe_image_reader.cc(340)] could not read dos header from C:\Windows\syswow64\ole32.dll
[0614/181251.552:ERROR:process_memory_win.cc(73)] ReadMemory at 0x74910000 of 64 bytes failed: Only part of a ReadProcessMemory or WriteProcessMemory request was completed. (0x12B)
[0614/181251.552:WARNING:pe_image_reader.cc(340)] could not read dos header from C:\Windows\system32\Secur32.dll
[0614/181251.552:ERROR:process_memory_win.cc(73)] ReadMemory at 0x76900000 of 64 bytes failed: Only part of a ReadProcessMemory or WriteProcessMemory request was completed. (0x12B)
[0614/181251.552:WARNING:pe_image_reader.cc(340)] could not read dos header from C:\Windows\syswow64\USERENV.dll
[0614/181251.552:ERROR:process_memory_win.cc(73)] ReadMemory at 0x763e0000 of 64 bytes failed: Only part of a ReadProcessMemory or WriteProcessMemory request was completed. (0x12B)
[0614/181251.552:WARNING:pe_image_reader.cc(340)] could not read dos header from C:\Windows\syswow64\profapi.dll
[0614/181251.552:ERROR:process_memory_win.cc(73)] ReadMemory at 0x765c0000 of 64 bytes failed: Only part of a ReadProcessMemory or WriteProcessMemory request was completed. (0x12B)
[0614/181251.552:WARNING:pe_image_reader.cc(340)] could not read dos header from C:\Windows\syswow64\WINTRUST.dll
[0614/181251.552:ERROR:process_memory_win.cc(73)] ReadMemory at 0x763f0000 of 64 bytes failed: Only part of a ReadProcessMemory or WriteProcessMemory request was completed. (0x12B)
[0614/181251.552:WARNING:pe_image_reader.cc(340)] could not read dos header from C:\Windows\syswow64\CRYPT32.dll
[0614/181251.568:ERROR:process_memory_win.cc(73)] ReadMemory at 0x76920000 of 64 bytes failed: Only part of a ReadProcessMemory or WriteProcessMemory request was completed. (0x12B)
[0614/181251.568:WARNING:pe_image_reader.cc(340)] could not read dos header from C:\Windows\syswow64\MSASN1.dll
[0614/181251.568:ERROR:process_memory_win.cc(73)] ReadMemory at 0x6c120000 of 64 bytes failed: Only part of a ReadProcessMemory or WriteProcessMemory request was completed. (0x12B)
[0614/181251.568:WARNING:pe_image_reader.cc(340)] could not read dos header from C:\Windows\system32\UIAutomationCore.DLL
[0614/181251.568:ERROR:process_memory_win.cc(73)] ReadMemory at 0x77540000 of 64 bytes failed: Only part of a ReadProcessMemory or WriteProcessMemory request was completed. (0x12B)
[0614/181251.568:WARNING:pe_image_reader.cc(340)] could not read dos header from C:\Windows\syswow64\PSAPI.DLL
[0614/181251.568:ERROR:process_memory_win.cc(73)] ReadMemory at 0x748d0000 of 64 bytes failed: Only part of a ReadProcessMemory or WriteProcessMemory request was completed. (0x12B)
[0614/181251.568:WARNING:pe_image_reader.cc(340)] could not read dos header from C:\Windows\system32\OLEACC.dll
[0614/181251.569:ERROR:process_memory_win.cc(73)] ReadMemory at 0x63c90000 of 64 bytes failed: Only part of a ReadProcessMemory or WriteProcessMemory request was completed. (0x12B)
[0614/181251.569:WARNING:pe_image_reader.cc(340)] could not read dos header from C:\Windows\system32\DWrite.dll
[0614/181251.569:ERROR:process_memory_win.cc(73)] ReadMemory at 0x747f0000 of 64 bytes failed: Only part of a ReadProcessMemory or WriteProcessMemory request was completed. (0x12B)
[0614/181251.569:WARNING:pe_image_reader.cc(340)] could not read dos header from C:\Windows\system32\WINSPOOL.DRV
[0614/181251.569:ERROR:process_memory_win.cc(73)] ReadMemory at 0x63ba0000 of 64 bytes failed: Only part of a ReadProcessMemory or WriteProcessMemory request was completed. (0x12B)
[0614/181251.569:WARNING:pe_image_reader.cc(340)] could not read dos header from C:\Windows\system32\dbghelp.dll
[0614/181251.569:ERROR:process_memory_win.cc(73)] ReadMemory at 0x74ae0000 of 64 bytes failed: Only part of a ReadProcessMemory or WriteProcessMemory request was completed. (0x12B)
[0614/181251.569:WARNING:pe_image_reader.cc(340)] could not read dos header from C:\Windows\system32\WINHTTP.dll
[0614/181251.570:ERROR:process_memory_win.cc(73)] ReadMemory at 0x74a90000 of 64 bytes failed: Only part of a ReadProcessMemory or WriteProcessMemory request was completed. (0x12B)
[0614/181251.570:WARNING:pe_image_reader.cc(340)] could not read dos header from C:\Windows\system32\webio.dll
[0614/181251.570:ERROR:process_memory_win.cc(73)] ReadMemory at 0x743b0000 of 64 bytes failed: Only part of a ReadProcessMemory or WriteProcessMemory request was completed. (0x12B)
[0614/181251.570:WARNING:pe_image_reader.cc(340)] could not read dos header from C:\Windows\system32\dhcpcsvc.DLL
[0614/181251.570:ERROR:process_memory_win.cc(73)] ReadMemory at 0x74ba0000 of 64 bytes failed: Only part of a ReadProcessMemory or WriteProcessMemory request was completed. (0x12B)
[0614/181251.570:WARNING:pe_image_reader.cc(340)] could not read dos header from C:\Windows\system32\uxtheme.dll
[0614/181251.634:ERROR:process_memory_win.cc(73)] ReadMemory at 0x6cc000 of 16384 bytes failed: Only part of a ReadProcessMemory or WriteProcessMemory request was completed. (0x12B)
[0614/181251.634:ERROR:process_memory_win.cc(73)] ReadMemory at 0x7407f0 of 3074 bytes failed: Only part of a ReadProcessMemory or WriteProcessMemory request was completed. (0x12B)
[0614/181251.635:ERROR:process_memory_win.cc(73)] ReadMemory at 0x741400 of 660 bytes failed: Only part of a ReadProcessMemory or WriteProcessMemory request was completed. (0x12B)
[0614/181251.635:ERROR:process_memory_win.cc(73)] ReadMemory at 0x7418a0 of 620 bytes failed: Only part of a ReadProcessMemory or WriteProcessMemory request was completed. (0x12B)
[0614/181251.635:ERROR:process_memory_win.cc(73)] ReadMemory at 0x741b0e of 118 bytes failed: Only part of a ReadProcessMemory or WriteProcessMemory request was completed. (0x12B)
[0614/181251.636:ERROR:process_memory_win.cc(73)] ReadMemory at 0x741b86 of 682 bytes failed: Only part of a ReadProcessMemory or WriteProcessMemory request was completed. (0x12B)
[0614/181251.636:ERROR:process_memory_win.cc(73)] ReadMemory at 0x741e32 of 118 bytes failed: Only part of a ReadProcessMemory or WriteProcessMemory request was completed. (0x12B)
[0614/181251.636:ERROR:process_memory_win.cc(73)] ReadMemory at 0x741eaa of 96 bytes failed: Only part of a ReadProcessMemory or WriteProcessMemory request was completed. (0x12B)
[0614/181251.636:ERROR:process_memory_win.cc(73)] ReadMemory at 0x742b98 of 72 bytes failed: Only part of a ReadProcessMemory or WriteProcessMemory request was completed. (0x12B)
[0614/181251.637:ERROR:process_memory_win.cc(73)] ReadMemory at 0x742c18 of 72 bytes failed: Only part of a ReadProcessMemory or WriteProcessMemory request was completed. (0x12B)
[0614/181251.637:ERROR:process_memory_win.cc(73)] ReadMemory at 0x742c98 of 58 bytes failed: Only part of a ReadProcessMemory or WriteProcessMemory request was completed. (0x12B)
[0614/181251.637:ERROR:process_memory_win.cc(73)] ReadMemory at 0x742cf8 of 124 bytes failed: Only part of a ReadProcessMemory or WriteProcessMemory request was completed. (0x12B)
[0614/181251.637:ERROR:process_memory_win.cc(73)] ReadMemory at 0x742f90 of 64 bytes failed: Only part of a ReadProcessMemory or WriteProcessMemory request was completed. (0x12B)
[0614/181251.637:ERROR:process_memory_win.cc(73)] ReadMemory at 0x742fe0 of 72 bytes failed: Only part of a ReadProcessMemory or WriteProcessMemory request was completed. (0x12B)
[0614/181251.638:ERROR:process_memory_win.cc(73)] ReadMemory at 0x743078 of 68 bytes failed: Only part of a ReadProcessMemory or WriteProcessMemory request was completed. (0x12B)
[0614/181251.638:ERROR:process_memory_win.cc(73)] ReadMemory at 0x7430c8 of 72 bytes failed: Only part of a ReadProcessMemory or WriteProcessMemory request was completed. (0x12B)
[0614/181251.640:ERROR:process_memory_win.cc(73)] ReadMemory at 0x743ba0 of 152 bytes failed: Only part of a ReadProcessMemory or WriteProcessMemory request was completed. (0x12B)
[0614/181251.641:ERROR:process_memory_win.cc(73)] ReadMemory at 0x743c48 of 72 bytes failed: Only part of a ReadProcessMemory or WriteProcessMemory request was completed. (0x12B)
[0614/181251.641:ERROR:process_memory_win.cc(73)] ReadMemory at 0x743d10 of 72 bytes failed: Only part of a ReadProcessMemory or WriteProcessMemory request was completed. (0x12B)
[0614/181251.641:ERROR:process_memory_win.cc(73)] ReadMemory at 0x743d90 of 60 bytes failed: Only part of a ReadProcessMemory or WriteProcessMemory request was completed. (0x12B)
[0614/181251.641:ERROR:process_memory_win.cc(73)] ReadMemory at 0x743e40 of 62 bytes failed: Only part of a ReadProcessMemory or WriteProcessMemory request was completed. (0x12B)
[0614/181251.642:ERROR:process_memory_win.cc(73)] ReadMemory at 0x7442c8 of 72 bytes failed: Only part of a ReadProcessMemory or WriteProcessMemory request was completed. (0x12B)
[0614/181251.642:ERROR:process_memory_win.cc(73)] ReadMemory at 0x744d88 of 104 bytes failed: Only part of a ReadProcessMemory or WriteProcessMemory request was completed. (0x12B)
[0614/181251.642:ERROR:process_memory_win.cc(73)] ReadMemory at 0x744e00 of 72 bytes failed: Only part of a ReadProcessMemory or WriteProcessMemory request was completed. (0x12B)
[0614/181251.642:ERROR:process_memory_win.cc(73)] ReadMemory at 0x75b688 of 60 bytes failed: Only part of a ReadProcessMemory or WriteProcessMemory request was completed. (0x12B)
[0614/181251.642:ERROR:process_memory_win.cc(73)] ReadMemory at 0x75c998 of 144 bytes failed: Only part of a ReadProcessMemory or WriteProcessMemory request was completed. (0x12B)
[0614/181251.643:ERROR:process_memory_win.cc(73)] ReadMemory at 0x75ca60 of 58 bytes failed: Only part of a ReadProcessMemory or WriteProcessMemory request was completed. (0x12B)
[0614/181251.643:ERROR:process_memory_win.cc(73)] ReadMemory at 0x75caa8 of 72 bytes failed: Only part of a ReadProcessMemory or WriteProcessMemory request was completed. (0x12B)
[0614/181251.643:ERROR:process_memory_win.cc(73)] ReadMemory at 0x75cb28 of 60 bytes failed: Only part of a ReadProcessMemory or WriteProcessMemory request was completed. (0x12B)
[0614/181251.643:ERROR:process_memory_win.cc(73)] ReadMemory at 0x75cb70 of 64 bytes failed: Only part of a ReadProcessMemory or WriteProcessMemory request was completed. (0x12B)
[0614/181251.644:ERROR:process_memory_win.cc(73)] ReadMemory at 0x75cbc0 of 64 bytes failed: Only part of a ReadProcessMemory or WriteProcessMemory request was completed. (0x12B)
[0614/181251.644:ERROR:process_memory_win.cc(73)] ReadMemory at 0x75cc40 of 72 bytes failed: Only part of a ReadProcessMemory or WriteProcessMemory request was completed. (0x12B)
[0614/181251.644:ERROR:process_memory_win.cc(73)] ReadMemory at 0x75ccc0 of 72 bytes failed: Only part of a ReadProcessMemory or WriteProcessMemory request was completed. (0x12B)
[0614/181251.644:ERROR:process_memory_win.cc(73)] ReadMemory at 0x75cd40 of 60 bytes failed: Only part of a ReadProcessMemory or WriteProcessMemory request was completed. (0x12B)
[0614/181251.644:ERROR:process_memory_win.cc(73)] ReadMemory at 0x75cd88 of 72 bytes failed: Only part of a ReadProcessMemory or WriteProcessMemory request was completed. (0x12B)
[0614/181251.645:ERROR:process_memory_win.cc(73)] ReadMemory at 0x75ce08 of 62 bytes failed: Only part of a ReadProcessMemory or WriteProcessMemory request was completed. (0x12B)
[0614/181251.645:ERROR:process_memory_win.cc(73)] ReadMemory at 0x75ce50 of 66 bytes failed: Only part of a ReadProcessMemory or WriteProcessMemory request was completed. (0x12B)
[0614/181251.645:ERROR:process_memory_win.cc(73)] ReadMemory at 0x75cea0 of 54 bytes failed: Only part of a ReadProcessMemory or WriteProcessMemory request was completed. (0x12B)
[0614/181251.645:ERROR:process_memory_win.cc(73)] ReadMemory at 0x75cee0 of 58 bytes failed: Only part of a ReadProcessMemory or WriteProcessMemory request was completed. (0x12B)
[0614/181251.646:ERROR:process_memory_win.cc(73)] ReadMemory at 0x75cf28 of 54 bytes failed: Only part of a ReadProcessMemory or WriteProcessMemory request was completed. (0x12B)
[0614/181251.646:ERROR:process_memory_win.cc(73)] ReadMemory at 0x75cf68 of 62 bytes failed: Only part of a ReadProcessMemory or WriteProcessMemory request was completed. (0x12B)
[0614/181251.646:ERROR:process_memory_win.cc(73)] ReadMemory at 0x75cfb0 of 72 bytes failed: Only part of a ReadProcessMemory or WriteProcessMemory request was completed. (0x12B)
[0614/181251.646:ERROR:process_memory_win.cc(73)] ReadMemory at 0x75d048 of 72 bytes failed: Only part of a ReadProcessMemory or WriteProcessMemory request was completed. (0x12B)
[0614/181251.647:ERROR:process_memory_win.cc(73)] ReadMemory at 0x75d0c8 of 72 bytes failed: Only part of a ReadProcessMemory or WriteProcessMemory request was completed. (0x12B)
[0614/181251.647:ERROR:process_memory_win.cc(73)] ReadMemory at 0x75d148 of 72 bytes failed: Only part of a ReadProcessMemory or WriteProcessMemory request was completed. (0x12B)
[0614/181251.647:ERROR:process_memory_win.cc(73)] ReadMemory at 0x75d1c8 of 72 bytes failed: Only part of a ReadProcessMemory or WriteProcessMemory request was completed. (0x12B)
[0614/181251.647:ERROR:process_memory_win.cc(73)] ReadMemory at 0x75d248 of 72 bytes failed: Only part of a ReadProcessMemory or WriteProcessMemory request was completed. (0x12B)
[0614/181251.648:ERROR:process_memory_win.cc(73)] ReadMemory at 0x75d2c8 of 72 bytes failed: Only part of a ReadProcessMemory or WriteProcessMemory request was completed. (0x12B)
[0614/181251.648:ERROR:process_memory_win.cc(73)] ReadMemory at 0x75d348 of 72 bytes failed: Only part of a ReadProcessMemory or WriteProcessMemory request was completed. (0x12B)
[0614/181251.648:ERROR:process_memory_win.cc(73)] ReadMemory at 0x75d3c8 of 72 bytes failed: Only part of a ReadProcessMemory or WriteProcessMemory request was completed. (0x12B)
[0614/181251.648:ERROR:process_memory_win.cc(73)] ReadMemory at 0x75d448 of 72 bytes failed: Only part of a ReadProcessMemory or WriteProcessMemory request was completed. (0x12B)
[0614/181251.649:ERROR:process_memory_win.cc(73)] ReadMemory at 0x75d4c8 of 72 bytes failed: Only part of a ReadProcessMemory or WriteProcessMemory request was completed. (0x12B)
[0614/181251.649:ERROR:process_memory_win.cc(73)] ReadMemory at 0x75d548 of 72 bytes failed: Only part of a ReadProcessMemory or WriteProcessMemory request was completed. (0x12B)
[0614/181251.649:ERROR:process_memory_win.cc(73)] ReadMemory at 0x75d5c8 of 72 bytes failed: Only part of a ReadProcessMemory or WriteProcessMemory request was completed. (0x12B)
[0614/181251.649:ERROR:process_memory_win.cc(73)] ReadMemory at 0x75d648 of 72 bytes failed: Only part of a ReadProcessMemory or WriteProcessMemory request was completed. (0x12B)
[0614/181251.650:ERROR:process_memory_win.cc(73)] ReadMemory at 0x75d6c8 of 72 bytes failed: Only part of a ReadProcessMemory or WriteProcessMemory request was completed. (0x12B)
[0614/181251.650:ERROR:process_memory_win.cc(73)] ReadMemory at 0x75d748 of 72 bytes failed: Only part of a ReadProcessMemory or WriteProcessMemory request was completed. (0x12B)
[0614/181251.650:ERROR:process_memory_win.cc(73)] ReadMemory at 0x75d7c8 of 72 bytes failed: Only part of a ReadProcessMemory or WriteProcessMemory request was completed. (0x12B)
[0614/181251.650:ERROR:process_memory_win.cc(73)] ReadMemory at 0x75d848 of 72 bytes failed: Only part of a ReadProcessMemory or WriteProcessMemory request was completed. (0x12B)
[0614/181251.650:ERROR:process_memory_win.cc(73)] ReadMemory at 0x75d8c8 of 72 bytes failed: Only part of a ReadProcessMemory or WriteProcessMemory request was completed. (0x12B)
[0614/181251.651:ERROR:process_memory_win.cc(73)] ReadMemory at 0x75d948 of 72 bytes failed: Only part of a ReadProcessMemory or WriteProcessMemory request was completed. (0x12B)
[0614/181251.651:ERROR:process_memory_win.cc(73)] ReadMemory at 0x75d9c8 of 72 bytes failed: Only part of a ReadProcessMemory or WriteProcessMemory request was completed. (0x12B)
[0614/181251.651:ERROR:process_memory_win.cc(73)] ReadMemory at 0x75da48 of 72 bytes failed: Only part of a ReadProcessMemory or WriteProcessMemory request was completed. (0x12B)
[0614/181251.652:ERROR:process_memory_win.cc(73)] ReadMemory at 0x75dac8 of 72 bytes failed: Only part of a ReadProcessMemory or WriteProcessMemory request was completed. (0x12B)
[0614/181251.652:ERROR:process_memory_win.cc(73)] ReadMemory at 0x75db48 of 72 bytes failed: Only part of a ReadProcessMemory or WriteProcessMemory request was completed. (0x12B)
[0614/181251.652:ERROR:process_memory_win.cc(73)] ReadMemory at 0x75dbc8 of 72 bytes failed: Only part of a ReadProcessMemory or WriteProcessMemory request was completed. (0x12B)
[0614/181251.652:ERROR:process_memory_win.cc(73)] ReadMemory at 0x75dc48 of 72 bytes failed: Only part of a ReadProcessMemory or WriteProcessMemory request was completed. (0x12B)
[0614/181251.652:ERROR:process_memory_win.cc(73)] ReadMemory at 0x75dcc8 of 72 bytes failed: Only part of a ReadProcessMemory or WriteProcessMemory request was completed. (0x12B)
[0614/181251.653:ERROR:process_memory_win.cc(73)] ReadMemory at 0x75dd48 of 72 bytes failed: Only part of a ReadProcessMemory or WriteProcessMemory request was completed. (0x12B)
[0614/181251.653:ERROR:process_memory_win.cc(73)] ReadMemory at 0x75ddc8 of 72 bytes failed: Only part of a ReadProcessMemory or WriteProcessMemory request was completed. (0x12B)
[0614/181251.653:ERROR:process_memory_win.cc(73)] ReadMemory at 0x75de48 of 72 bytes failed: Only part of a ReadProcessMemory or WriteProcessMemory request was completed. (0x12B)
[0614/181251.653:ERROR:process_memory_win.cc(73)] ReadMemory at 0x75fde8 of 58 bytes failed: Only part of a ReadProcessMemory or WriteProcessMemory request was completed. (0x12B)
[0614/181251.654:ERROR:process_memory_win.cc(73)] ReadMemory at 0x75ff98 of 60 bytes failed: Only part of a ReadProcessMemory or WriteProcessMemory request was completed. (0x12B)
[0614/181251.654:ERROR:process_memory_win.cc(73)] ReadMemory at 0x760010 of 58 bytes failed: Only part of a ReadProcessMemory or WriteProcessMemory request was completed. (0x12B)
[0614/181251.654:ERROR:process_memory_win.cc(73)] ReadMemory at 0x761258 of 64 bytes failed: Only part of a ReadProcessMemory or WriteProcessMemory request was completed. (0x12B)
[0614/181251.654:ERROR:process_memory_win.cc(73)] ReadMemory at 0x7612a8 of 64 bytes failed: Only part of a ReadProcessMemory or WriteProcessMemory request was completed. (0x12B)
[0614/181251.654:ERROR:process_memory_win.cc(73)] ReadMemory at 0x761528 of 58 bytes failed: Only part of a ReadProcessMemory or WriteProcessMemory request was completed. (0x12B)
[0614/181251.655:ERROR:process_memory_win.cc(73)] ReadMemory at 0x7635d8 of 58 bytes failed: Only part of a ReadProcessMemory or WriteProcessMemory request was completed. (0x12B)
[0614/181251.655:ERROR:process_memory_win.cc(73)] ReadMemory at 0x763620 of 62 bytes failed: Only part of a ReadProcessMemory or WriteProcessMemory request was completed. (0x12B)
[0614/181251.655:ERROR:process_memory_win.cc(73)] ReadMemory at 0x763668 of 62 bytes failed: Only part of a ReadProcessMemory or WriteProcessMemory request was completed. (0x12B)
[0614/181251.655:ERROR:process_memory_win.cc(73)] ReadMemory at 0x7636b0 of 62 bytes failed: Only part of a ReadProcessMemory or WriteProcessMemory request was completed. (0x12B)
[0614/181251.656:ERROR:process_memory_win.cc(73)] ReadMemory at 0x7636f8 of 62 bytes failed: Only part of a ReadProcessMemory or WriteProcessMemory request was completed. (0x12B)
[0614/181251.656:ERROR:process_memory_win.cc(73)] ReadMemory at 0x763740 of 60 bytes failed: Only part of a ReadProcessMemory or WriteProcessMemory request was completed. (0x12B)
[0614/181251.656:ERROR:process_memory_win.cc(73)] ReadMemory at 0x763788 of 58 bytes failed: Only part of a ReadProcessMemory or WriteProcessMemory request was completed. (0x12B)
[0614/181251.656:ERROR:process_memory_win.cc(73)] ReadMemory at 0x7637d0 of 60 bytes failed: Only part of a ReadProcessMemory or WriteProcessMemory request was completed. (0x12B)
[0614/181251.657:ERROR:process_memory_win.cc(73)] ReadMemory at 0x763818 of 60 bytes failed: Only part of a ReadProcessMemory or WriteProcessMemory request was completed. (0x12B)
[0614/181251.657:ERROR:process_memory_win.cc(73)] ReadMemory at 0x763860 of 62 bytes failed: Only part of a ReadProcessMemory or WriteProcessMemory request was completed. (0x12B)
[0614/181251.657:ERROR:process_memory_win.cc(73)] ReadMemory at 0x7638a8 of 62 bytes failed: Only part of a ReadProcessMemory or WriteProcessMemory request was completed. (0x12B)
[0614/181251.657:ERROR:process_memory_win.cc(73)] ReadMemory at 0x7638f0 of 58 bytes failed: Only part of a ReadProcessMemory or WriteProcessMemory request was completed. (0x12B)
[0614/181251.658:ERROR:process_memory_win.cc(73)] ReadMemory at 0x764be8 of 80 bytes failed: Only part of a ReadProcessMemory or WriteProcessMemory request was completed. (0x12B)
[0614/181251.658:ERROR:process_memory_win.cc(73)] ReadMemory at 0x765048 of 64 bytes failed: Only part of a ReadProcessMemory or WriteProcessMemory request was completed. (0x12B)
[0614/181251.658:ERROR:process_memory_win.cc(73)] ReadMemory at 0x765098 of 64 bytes failed: Only part of a ReadProcessMemory or WriteProcessMemory request was completed. (0x12B)
[0614/181251.658:ERROR:process_memory_win.cc(73)] ReadMemory at 0x2759e70 of 512 bytes failed: Only part of a ReadProcessMemory or WriteProcessMemory request was completed. (0x12B)
[0614/181251.658:ERROR:process_memory_win.cc(73)] ReadMemory at 0x38f3958 of 512 bytes failed: Only part of a ReadProcessMemory or WriteProcessMemory request was completed. (0x12B)
[0614/181251.659:ERROR:process_memory_win.cc(73)] ReadMemory at 0x665bf0fc of 554 bytes failed: Only part of a ReadProcessMemory or WriteProcessMemory request was completed. (0x12B)
[0614/181251.659:ERROR:process_memory_win.cc(73)] ReadMemory at 0x7758fd21 of 512 bytes failed: Only part of a ReadProcessMemory or WriteProcessMemory request was completed. (0x12B)
[0614/181251.659:ERROR:process_memory_win.cc(73)] ReadMemory at 0x775ba750 of 18 bytes failed: Only part of a ReadProcessMemory or WriteProcessMemory request was completed. (0x12B)
[0614/181251.659:ERROR:process_memory_win.cc(73)] ReadMemory at 0x77670200 of 36 bytes failed: Only part of a ReadProcessMemory or WriteProcessMemory request was completed. (0x12B)
[0614/181251.659:ERROR:process_memory_win.cc(73)] ReadMemory at 0x776720c0 of 24 bytes failed: Only part of a ReadProcessMemory or WriteProcessMemory request was completed. (0x12B)
[0614/181251.660:ERROR:process_memory_win.cc(73)] ReadMemory at 0x77674380 of 32 bytes failed: Only part of a ReadProcessMemory or WriteProcessMemory request was completed. (0x12B)
[0614/181251.660:ERROR:process_memory_win.cc(73)] ReadMemory at 0xfffdd000 of 3992 bytes failed: Only part of a ReadProcessMemory or WriteProcessMemory request was completed. (0x12B)
[0614/181251.660:ERROR:process_memory_win.cc(73)] ReadMemory at 0xfffde000 of 560 bytes failed: Only part of a ReadProcessMemory or WriteProcessMemory request was completed. (0x12B)
[0614/181251.699:ERROR:scoped_process_suspend.cc(40)] NtResumeProcess: An attempt was made to access an exiting process. (0xc000010a)
